\BOOKMARK [1][-]{section.1}{Introduction}{}% 1
\BOOKMARK [1][-]{section.2}{How to make it work}{}% 2
\BOOKMARK [2][-]{subsection.2.1}{Under Linux}{section.2}% 3
\BOOKMARK [2][-]{subsection.2.2}{Under Microsoft Windows}{section.2}% 4
\BOOKMARK [1][-]{section.3}{Manual}{}% 5
\BOOKMARK [2][-]{subsection.3.1}{Class:odak.aperture}{section.3}% 6
\BOOKMARK [3][-]{subsubsection.3.1.1}{odak.aperture.circle\(nx,ny,radius\)}{subsection.3.1}% 7
\BOOKMARK [3][-]{subsubsection.3.1.2}{odak.aperture.lens\(self,nx,ny,focal,wavelength\)}{subsection.3.1}% 8
\BOOKMARK [3][-]{subsubsection.3.1.3}{odak.aperture.rectangle\(nx,ny,side\)}{subsection.3.1}% 9
\BOOKMARK [3][-]{subsubsection.3.1.4}{odak.aperture.sinamgrating\(self,nx,ny,grating\)}{subsection.3.1}% 10
\BOOKMARK [3][-]{subsubsection.3.1.5}{odak.aperture.twoslits\(nx,ny,X,Y,delta\)}{subsection.3.1}% 11
\BOOKMARK [2][-]{subsection.3.2}{Class:odak.diffractions}{section.3}% 12
\BOOKMARK [3][-]{subsubsection.3.2.1}{odak.diffractions.fresnelfraunhofer\(obj,wavelength,distance\)}{subsection.3.2}% 13
\BOOKMARK [3][-]{subsubsection.3.2.2}{odak.diffractions.fraunhoferintegral\(obj\)}{subsection.3.2}% 14
\BOOKMARK [3][-]{subsubsection.3.2.3}{odak.diffractions.count\(obj,x\)}{subsection.3.2}% 15
\BOOKMARK [3][-]{subsubsection.3.2.4}{odak.diffractions.talbotcalculate\(obj,grating,wavelength\)}{subsection.3.2}% 16
\BOOKMARK [1][-]{section.4}{Justification}{}% 17
\BOOKMARK [2][-]{subsection.4.1}{Implementation of Fresnel/Fraunhofer diffraction}{section.4}% 18
\BOOKMARK [2][-]{subsection.4.2}{Sample question I}{section.4}% 19
\BOOKMARK [3][-]{subsubsection.4.2.1}{Fresnel/Fraunhofer diffraction patterns at different distances for sample question I}{subsection.4.2}% 20
\BOOKMARK [2][-]{subsection.4.3}{Sample question II}{section.4}% 21
\BOOKMARK [2][-]{subsection.4.4}{Sample question III}{section.4}% 22
\BOOKMARK [1][-]{section.5}{Conclusion}{}% 23
\BOOKMARK [1][-]{section*.1}{Appendix A: odak.py}{}% 24
\BOOKMARK [1][-]{section*.2}{Appendix B: sample.py}{}% 25
\BOOKMARK [1][-]{section*.3}{References}{}% 26
